{
  "stats": {
    "suites": 1,
    "tests": 1,
    "passes": 1,
    "pending": 0,
    "failures": 0,
    "start": "2025-09-22T06:48:31.003Z",
    "end": "2025-09-22T06:48:31.264Z",
    "duration": 261,
    "testsRegistered": 1,
    "passPercent": 100,
    "pendingPercent": 0,
    "other": 0,
    "hasOther": false,
    "skipped": 0,
    "hasSkipped": false
  },
  "results": [
    {
      "uuid": "b617056c-e061-4274-a59d-ab8608c49554",
      "title": "",
      "fullFile": "cypress\\e2e\\practicles\\API\\postuser.cy.js",
      "file": "cypress\\e2e\\practicles\\API\\postuser.cy.js",
      "beforeHooks": [],
      "afterHooks": [],
      "tests": [],
      "suites": [
        {
          "uuid": "cdb18917-6efd-4447-b466-53f13f4e0bc3",
          "title": "POST examples",
          "fullFile": "",
          "file": "",
          "beforeHooks": [],
          "afterHooks": [],
          "tests": [
            {
              "title": "Create the record from the external file",
              "fullTitle": "POST examples Create the record from the external file",
              "timedOut": null,
              "duration": 142,
              "state": "passed",
              "speed": "fast",
              "pass": true,
              "fail": false,
              "pending": false,
              "context": null,
              "code": "it(\"Cheeck using the externam file\", () => {\n  cy.fixture('credentials.json').then(data => {\n    cy.log('Loaded Fixture Data:', JSON.stringify(data));\n    console.log('Fixture Data:', data);\n    const create = {\n      name: data.name,\n      email: data.email\n    };\n    cy.request({\n      method: 'POST',\n      url: 'https://jsonplaceholder.typicode.com/users',\n      body: create\n    }).then(response => {\n      cy.log('Response:', JSON.stringify(response.body));\n      expect(response.status).to.eq(200);\n    });\n  });\n});",
              "err": {},
              "uuid": "dc93ef3d-28a3-4d63-99ea-3ddbf4c91487",
              "parentUUID": "cdb18917-6efd-4447-b466-53f13f4e0bc3",
              "isHook": false,
              "skipped": false
            }
          ],
          "suites": [],
          "passes": [
            "dc93ef3d-28a3-4d63-99ea-3ddbf4c91487"
          ],
          "failures": [],
          "pending": [],
          "skipped": [],
          "duration": 142,
          "root": false,
          "rootEmpty": false,
          "_timeout": 2000
        }
      ],
      "passes": [],
      "failures": [],
      "pending": [],
      "skipped": [],
      "duration": 0,
      "root": true,
      "rootEmpty": true,
      "_timeout": 2000
    }
  ],
  "meta": {
    "mocha": {
      "version": "7.2.0"
    },
    "mochawesome": {
      "options": {
        "quiet": false,
        "reportFilename": "mochawesome",
        "saveHtml": true,
        "saveJson": true,
        "consoleReporter": "spec",
        "useInlineDiffs": false,
        "code": true
      },
      "version": "7.1.4"
    },
    "marge": {
      "options": {
        "reportDir": "cypress/reports",
        "overwrite": false,
        "html": true,
        "json": true
      },
      "version": "6.3.0"
    }
  }
}