{
  "stats": {
    "suites": 1,
    "tests": 2,
    "passes": 2,
    "pending": 0,
    "failures": 0,
    "start": "2025-09-22T06:47:56.841Z",
    "end": "2025-09-22T06:48:01.440Z",
    "duration": 4599,
    "testsRegistered": 2,
    "passPercent": 100,
    "pendingPercent": 0,
    "other": 0,
    "hasOther": false,
    "skipped": 0,
    "hasSkipped": false
  },
  "results": [
    {
      "uuid": "5622cfd1-bff3-4c3a-95f7-e479e07cbd41",
      "title": "",
      "fullFile": "cypress\\e2e\\practicles\\API\\getuser.cy.js",
      "file": "cypress\\e2e\\practicles\\API\\getuser.cy.js",
      "beforeHooks": [],
      "afterHooks": [],
      "tests": [
        {
          "title": "fetch the data from the params",
          "fullTitle": "fetch the data from the params",
          "timedOut": null,
          "duration": 3338,
          "state": "passed",
          "speed": "fast",
          "pass": true,
          "fail": false,
          "pending": false,
          "context": null,
          "code": "cy.request({\n  method: 'GET',\n  url: 'https://jsonplaceholder.typicode.com/users',\n  qs: {\n    page: 1\n  }\n}).then(response => {\n  expect(response.status).to.eq(200);\n});",
          "err": {},
          "uuid": "bd3c33f3-b542-4565-b87e-0762071f1c37",
          "parentUUID": "5622cfd1-bff3-4c3a-95f7-e479e07cbd41",
          "isHook": false,
          "skipped": false
        }
      ],
      "suites": [
        {
          "uuid": "c09a7141-4ce8-40e7-b35a-9eabaff9a767",
          "title": "Get API",
          "fullFile": "",
          "file": "",
          "beforeHooks": [],
          "afterHooks": [],
          "tests": [
            {
              "title": "fetch list of users",
              "fullTitle": "Get API fetch list of users",
              "timedOut": null,
              "duration": 312,
              "state": "passed",
              "speed": "fast",
              "pass": true,
              "fail": false,
              "pending": false,
              "context": null,
              "code": "cy.request('GET', 'https://jsonplaceholder.typicode.com/users').then(response => {\n  expect(response.status).to.eq(200);\n  //     expect(response.body.data).to.have.length.greaterThan(0)\n  //     expect(response.body.data[0]).to.have.property('email')\n});",
              "err": {},
              "uuid": "054e8689-12a7-4c67-8e8e-1a551036b6af",
              "parentUUID": "c09a7141-4ce8-40e7-b35a-9eabaff9a767",
              "isHook": false,
              "skipped": false
            }
          ],
          "suites": [],
          "passes": [
            "054e8689-12a7-4c67-8e8e-1a551036b6af"
          ],
          "failures": [],
          "pending": [],
          "skipped": [],
          "duration": 312,
          "root": false,
          "rootEmpty": false,
          "_timeout": 2000
        }
      ],
      "passes": [
        "bd3c33f3-b542-4565-b87e-0762071f1c37"
      ],
      "failures": [],
      "pending": [],
      "skipped": [],
      "duration": 3338,
      "root": true,
      "rootEmpty": false,
      "_timeout": 2000
    }
  ],
  "meta": {
    "mocha": {
      "version": "7.2.0"
    },
    "mochawesome": {
      "options": {
        "quiet": false,
        "reportFilename": "mochawesome",
        "saveHtml": true,
        "saveJson": true,
        "consoleReporter": "spec",
        "useInlineDiffs": false,
        "code": true
      },
      "version": "7.1.4"
    },
    "marge": {
      "options": {
        "reportDir": "cypress/reports",
        "overwrite": false,
        "html": true,
        "json": true
      },
      "version": "6.3.0"
    }
  }
}